Process completed at Tue Jun 06 2017 15:52:57 GMT-0400 (Eastern Daylight Time)

===== Output from Forge =====
{
    "@odata.context": "https://developer.api.autodesk.com/inventor.io/us-east/v2/$metadata#WorkItems/$entity",
    "ActivityId": "SampleActivity",
    "Arguments": {
        "InputArguments": [
            {
                "Resource": "https://static.factoryfour.com/pq/typeF_v31_shape8.ipt",
                "Name": "HostDwg",
                "Headers": [],
                "ResourceKind": null,
                "StorageProvider": "Generic",
                "HttpVerb": "GET"
            },
            {
                "Resource": "data:application/json,{\"PupilDist\":66.2,\"SupMed_h\":16.1,\"SupLat_h\":18,\"InfLat_h\":27.7,\"InfMed_h\":27.5,\"SupMed_w\":2.6,\"SupLat_w\":66.5,\"InfLat_w\":61.1,\"InfMed_w\":18.8,\"SupMedRounding\":6,\"SupLatRounding\":8,\"InfLatRounding\":4,\"InfMedRounding\":14,\"SupMedThickness\":7.3,\"SupLatThickness\":8,\"InfLatThickness\":3,\"InfMedThickness\":2.2,\"BridgeHeight\":16,\"BridgeThickness\":9,\"TempleHeight\":11.6,\"HingeThickness\":10}",
                "Name": "ChangeParameters",
                "Headers": [],
                "ResourceKind": "Embedded",
                "StorageProvider": "Generic",
                "HttpVerb": null
            }
        ],
        "OutputArguments": [
            {
                "Resource": "https://inventorio-prod.s3-us-west-2.amazonaws.com/aces-workitem-outputs/8291130eec7b41a2927fb72efa59473e/Output.stl?AWSAccessKeyId=ASIAJDM6BJUPE6UIXXTQ&Expires=1496865169&x-amz-security-token=FQoDYXdzEDQaDBbgn0HQVSK0DX1CoSK3A4%2FJfV%2F5eSdjJ0YSphFgNJXXK1MsTuXiA%2BN8yLjXNnWW2E8S5fbFfAFrMv0y3%2F4591QbXhSIrzOEjqu3M8F4fzRLSeeBtAFWldRE9fsWk%2BCxnsM%2BDXqR42o6gLsDi8SvyveQTrMPYq6kebhtY7gw7WtrCGBCXM6y8YRLdLYczvE6lrCFfaIMRrhSvpaNn9PlFz6BUVkY%2Ftl3yeJe9YfC%2FC4S%2FY%2FNZKdgLt%2BplNUWoCnns3Q8zL21dh1PSJFOOXzSV3%2BKKNjLlMlsuspA2jvSAjV8UYy6IZqtV%2Bd2vIZUmrTD8Cx2Ky6qcIrp0cA%2Bnl1BwTeGyLrIibVWh6K6anCaW%2BapDsJx8M8pQv75a6wsdTnaPaewBQTWGrq2su%2FaoumLunAeGAxno6RThstOXhnHGYkesrmX3X9aGr%2Bf8RlZAUUfrjY9JVc1O3kGlik%2FCngeoh0yRUeSPK7QZaNb42gl8RkemV4SeD8et%2FfVbkI7MYv%2FGEL6HAiy2QQoHrzi7gXScK7QG5bJg24PBOww0Ur0sLLA0ETECe2QdSyiXMSYQWB%2B80e5jwkeLocmwyHaY4uz%2BZ4rHjucd9wowfHbyQU%3D&Signature=YNudStpo7T3v%2FocwDnnpZqzqSSo%3D",
                "Name": "Result",
                "Headers": [],
                "ResourceKind": null,
                "StorageProvider": "Generic",
                "HttpVerb": "POST"
            }
        ]
    },
    "Status": "Succeeded",
    "StatusDetails": {
        "Report": "https://inventorio-prod.s3-us-west-2.amazonaws.com/aces-workitem-reports/8291130eec7b41a2927fb72efa59473e/report.log?AWSAccessKeyId=ASIAJ44UOYP5LK5MMBAQ&Expires=1496865175&x-amz-security-token=FQoDYXdzEDQaDNGfNV4v%2BMVbFaGaDSK3A9Bo8O0i2jRc%2F3Q9kR98y7teYdVPz48eZnZYir5JmU2itcoHELKT2zb4KQbTQu730xi%2BTVtn%2F8P0Bav38685y5CotZAORhxcKcdAHVXhZpr%2F7K4DF9V2GfqM%2FjrHu0Q8wyrR9WLJZcsAY6P7l%2FloAQLj6dtm0nUbhcIlr4Mmu%2Fva%2Fb3U%2BfHxMrHMvGCCUBJjd2WYGD4cDssvIQO6HbJVHezq09ZES4AWSVv7uMvKybONgKCPBKkbpX7r2bI5jeXabWBDkYnbKZRvSpqXc6N1kRkq69haR9TWHI%2BLFh1y0An94tiUzlF8O5BpsXPEmpVFLMFmTBsttWW5WllJLPtV0VrroSz8T7rA2NVW7kDuvM4t80gDmfz1b91yQvttqFcaPoeJfDvBhI9xaSTsinsDMNBMETv6k3583vkSZX23n3eXIyfjOdBxxwIDfCqrWqebVjFUELeSxC22RPkX6bu8ZUfGc0Xqu4a0hC%2FOaaE1zgKr%2BOrLrj0sIfgYEEmzrVz62KRohYbqTjy8GjgoIS7Tyfa1BaGRs6NXnzBxzMSCHHNBtnDvLWxCzAhLnygmJz59%2FIk5sspbaawopevbyQU%3D&Signature=Nn%2F10FwLyRAEIah2XEUI8vNprUg%3D"
    },
    "AvailabilityZone": null,
    "TimeQueued": "2017-06-06T19:51:52.336Z",
    "TimeInputTransferStarted": "2017-06-06T19:51:53.437Z",
    "TimeScriptStarted": "2017-06-06T19:51:54.296Z",
    "TimeScriptEnded": "2017-06-06T19:52:48.437Z",
    "TimeOutputTransferEnded": "2017-06-06T19:52:48.609Z",
    "BytesTranferredIn": 4927870,
    "BytesTranferredOut": 1985684,
    "Timestamp": "2017-06-06T19:52:48.64Z",
    "Id": "8291130eec7b41a2927fb72efa59473e"
}

===== Process Report URL =====
https://inventorio-prod.s3-us-west-2.amazonaws.com/aces-workitem-reports/8291130eec7b41a2927fb72efa59473e/report.log?AWSAccessKeyId=ASIAJ44UOYP5LK5MMBAQ&Expires=1496865175&x-amz-security-token=FQoDYXdzEDQaDNGfNV4v%2BMVbFaGaDSK3A9Bo8O0i2jRc%2F3Q9kR98y7teYdVPz48eZnZYir5JmU2itcoHELKT2zb4KQbTQu730xi%2BTVtn%2F8P0Bav38685y5CotZAORhxcKcdAHVXhZpr%2F7K4DF9V2GfqM%2FjrHu0Q8wyrR9WLJZcsAY6P7l%2FloAQLj6dtm0nUbhcIlr4Mmu%2Fva%2Fb3U%2BfHxMrHMvGCCUBJjd2WYGD4cDssvIQO6HbJVHezq09ZES4AWSVv7uMvKybONgKCPBKkbpX7r2bI5jeXabWBDkYnbKZRvSpqXc6N1kRkq69haR9TWHI%2BLFh1y0An94tiUzlF8O5BpsXPEmpVFLMFmTBsttWW5WllJLPtV0VrroSz8T7rA2NVW7kDuvM4t80gDmfz1b91yQvttqFcaPoeJfDvBhI9xaSTsinsDMNBMETv6k3583vkSZX23n3eXIyfjOdBxxwIDfCqrWqebVjFUELeSxC22RPkX6bu8ZUfGc0Xqu4a0hC%2FOaaE1zgKr%2BOrLrj0sIfgYEEmzrVz62KRohYbqTjy8GjgoIS7Tyfa1BaGRs6NXnzBxzMSCHHNBtnDvLWxCzAhLnygmJz59%2FIk5sspbaawopevbyQU%3D&Signature=Nn%2F10FwLyRAEIah2XEUI8vNprUg%3D

===== Modified STL URL =====
https://inventorio-prod.s3-us-west-2.amazonaws.com/aces-workitem-outputs/8291130eec7b41a2927fb72efa59473e/Output.stl?AWSAccessKeyId=ASIAJDM6BJUPE6UIXXTQ&Expires=1496865169&x-amz-security-token=FQoDYXdzEDQaDBbgn0HQVSK0DX1CoSK3A4%2FJfV%2F5eSdjJ0YSphFgNJXXK1MsTuXiA%2BN8yLjXNnWW2E8S5fbFfAFrMv0y3%2F4591QbXhSIrzOEjqu3M8F4fzRLSeeBtAFWldRE9fsWk%2BCxnsM%2BDXqR42o6gLsDi8SvyveQTrMPYq6kebhtY7gw7WtrCGBCXM6y8YRLdLYczvE6lrCFfaIMRrhSvpaNn9PlFz6BUVkY%2Ftl3yeJe9YfC%2FC4S%2FY%2FNZKdgLt%2BplNUWoCnns3Q8zL21dh1PSJFOOXzSV3%2BKKNjLlMlsuspA2jvSAjV8UYy6IZqtV%2Bd2vIZUmrTD8Cx2Ky6qcIrp0cA%2Bnl1BwTeGyLrIibVWh6K6anCaW%2BapDsJx8M8pQv75a6wsdTnaPaewBQTWGrq2su%2FaoumLunAeGAxno6RThstOXhnHGYkesrmX3X9aGr%2Bf8RlZAUUfrjY9JVc1O3kGlik%2FCngeoh0yRUeSPK7QZaNb42gl8RkemV4SeD8et%2FfVbkI7MYv%2FGEL6HAiy2QQoHrzi7gXScK7QG5bJg24PBOww0Ur0sLLA0ETECe2QdSyiXMSYQWB%2B80e5jwkeLocmwyHaY4uz%2BZ4rHjucd9wowfHbyQU%3D&Signature=YNudStpo7T3v%2FocwDnnpZqzqSSo%3D