Process completed at Tue Jun 06 2017 15:53:10 GMT-0400 (Eastern Daylight Time)

===== Output from Forge =====
{
    "@odata.context": "https://developer.api.autodesk.com/inventor.io/us-east/v2/$metadata#WorkItems/$entity",
    "ActivityId": "SampleActivity",
    "Arguments": {
        "InputArguments": [
            {
                "Resource": "https://static.factoryfour.com/pq/typeF_v31_shape8.ipt",
                "Name": "HostDwg",
                "Headers": [],
                "ResourceKind": null,
                "StorageProvider": "Generic",
                "HttpVerb": "GET"
            },
            {
                "Resource": "data:application/json,{\"PupilDist\":66.4,\"SupMed_h\":7.7,\"SupLat_h\":18.5,\"InfLat_h\":27.8,\"InfMed_h\":21.6,\"SupMed_w\":2.8,\"SupLat_w\":65,\"InfLat_w\":56.4,\"InfMed_w\":12.3,\"SupMedRounding\":6,\"SupLatRounding\":6,\"InfLatRounding\":8,\"InfMedRounding\":12,\"SupMedThickness\":3.6,\"SupLatThickness\":6.9,\"InfLatThickness\":2.2,\"InfMedThickness\":2,\"BridgeHeight\":6.7,\"BridgeThickness\":6,\"TempleHeight\":8.9,\"HingeThickness\":6}",
                "Name": "ChangeParameters",
                "Headers": [],
                "ResourceKind": "Embedded",
                "StorageProvider": "Generic",
                "HttpVerb": null
            }
        ],
        "OutputArguments": [
            {
                "Resource": null,
                "Name": "Result",
                "Headers": [],
                "ResourceKind": null,
                "StorageProvider": "Generic",
                "HttpVerb": "POST"
            }
        ]
    },
    "Status": "FailedExecution",
    "StatusDetails": {
        "Report": "https://inventorio-prod.s3-us-west-2.amazonaws.com/aces-workitem-reports/c85a67275259478781b6b3177f4e6961/report.log?AWSAccessKeyId=ASIAJ44UOYP5LK5MMBAQ&Expires=1496865188&x-amz-security-token=FQoDYXdzEDQaDNGfNV4v%2BMVbFaGaDSK3A9Bo8O0i2jRc%2F3Q9kR98y7teYdVPz48eZnZYir5JmU2itcoHELKT2zb4KQbTQu730xi%2BTVtn%2F8P0Bav38685y5CotZAORhxcKcdAHVXhZpr%2F7K4DF9V2GfqM%2FjrHu0Q8wyrR9WLJZcsAY6P7l%2FloAQLj6dtm0nUbhcIlr4Mmu%2Fva%2Fb3U%2BfHxMrHMvGCCUBJjd2WYGD4cDssvIQO6HbJVHezq09ZES4AWSVv7uMvKybONgKCPBKkbpX7r2bI5jeXabWBDkYnbKZRvSpqXc6N1kRkq69haR9TWHI%2BLFh1y0An94tiUzlF8O5BpsXPEmpVFLMFmTBsttWW5WllJLPtV0VrroSz8T7rA2NVW7kDuvM4t80gDmfz1b91yQvttqFcaPoeJfDvBhI9xaSTsinsDMNBMETv6k3583vkSZX23n3eXIyfjOdBxxwIDfCqrWqebVjFUELeSxC22RPkX6bu8ZUfGc0Xqu4a0hC%2FOaaE1zgKr%2BOrLrj0sIfgYEEmzrVz62KRohYbqTjy8GjgoIS7Tyfa1BaGRs6NXnzBxzMSCHHNBtnDvLWxCzAhLnygmJz59%2FIk5sspbaawopevbyQU%3D&Signature=Fz0xcFdLtCArtIvPSAM9sSo83E0%3D"
    },
    "AvailabilityZone": null,
    "TimeQueued": "2017-06-06T19:51:52.336Z",
    "TimeInputTransferStarted": "2017-06-06T19:51:52.398Z",
    "TimeScriptStarted": "2017-06-06T19:51:53.445Z",
    "TimeScriptEnded": "2017-06-06T19:53:07.086Z",
    "TimeOutputTransferEnded": "2017-06-06T19:53:07.148Z",
    "BytesTranferredIn": 4927870,
    "BytesTranferredOut": null,
    "Timestamp": "2017-06-06T19:53:07.195Z",
    "Id": "c85a67275259478781b6b3177f4e6961"
}

===== Process Report URL =====
https://inventorio-prod.s3-us-west-2.amazonaws.com/aces-workitem-reports/c85a67275259478781b6b3177f4e6961/report.log?AWSAccessKeyId=ASIAJ44UOYP5LK5MMBAQ&Expires=1496865188&x-amz-security-token=FQoDYXdzEDQaDNGfNV4v%2BMVbFaGaDSK3A9Bo8O0i2jRc%2F3Q9kR98y7teYdVPz48eZnZYir5JmU2itcoHELKT2zb4KQbTQu730xi%2BTVtn%2F8P0Bav38685y5CotZAORhxcKcdAHVXhZpr%2F7K4DF9V2GfqM%2FjrHu0Q8wyrR9WLJZcsAY6P7l%2FloAQLj6dtm0nUbhcIlr4Mmu%2Fva%2Fb3U%2BfHxMrHMvGCCUBJjd2WYGD4cDssvIQO6HbJVHezq09ZES4AWSVv7uMvKybONgKCPBKkbpX7r2bI5jeXabWBDkYnbKZRvSpqXc6N1kRkq69haR9TWHI%2BLFh1y0An94tiUzlF8O5BpsXPEmpVFLMFmTBsttWW5WllJLPtV0VrroSz8T7rA2NVW7kDuvM4t80gDmfz1b91yQvttqFcaPoeJfDvBhI9xaSTsinsDMNBMETv6k3583vkSZX23n3eXIyfjOdBxxwIDfCqrWqebVjFUELeSxC22RPkX6bu8ZUfGc0Xqu4a0hC%2FOaaE1zgKr%2BOrLrj0sIfgYEEmzrVz62KRohYbqTjy8GjgoIS7Tyfa1BaGRs6NXnzBxzMSCHHNBtnDvLWxCzAhLnygmJz59%2FIk5sspbaawopevbyQU%3D&Signature=Fz0xcFdLtCArtIvPSAM9sSo83E0%3D

===== Modified STL URL =====
null